INFO  [2015:10:22-17:11:20:870] <00001864> START repay (V5162B5162D141114)
INFO  [2015:10:22-17:11:20:870] <00001864> DiskFreeSpace  : 14011 MB
INFO  [2015:10:22-17:11:20:871] <00001864> DiskFreeSpace Invoke Result Msg: Get Free Space Invoke Success
INFO  [2015:10:22-17:11:20:871] <00001864> DiskFreeSpace Invoke ElapsedTime : 0.00000
DEBUG [2015:10:22-17:11:20:871] <00001864> MID:
DEBUG [2015:10:22-17:11:20:871] <00001864> TYPE:repay
INFO  [2015:10:22-17:11:20:871] <00001864> LogIgnore :false
DEBUG [2015:10:22-17:11:20:871] <00001864> KEYPW:1111
DEBUG [2015:10:22-17:11:20:871] <00001864> PGID:INIpayRPAY
DEBUG [2015:10:22-17:11:20:871] <00001864> SUBPGIP:203.238.3.10
DEBUG [2015:10:22-17:11:20:871] <00001864> APPPATH:D:\IISWEB\WebContent\INIpayStdSample\
DEBUG [2015:10:22-17:11:20:871] <00001864> OLDTID:
DEBUG [2015:10:22-17:11:20:871] <00001864> EncType:asym
DEBUG [2015:10:22-17:11:20:881] <00001864> PG1:gethostbyname success:203.238.37.3
DEBUG [2015:10:22-17:11:20:882] <00001864> PG1:gethostbyname 5 second less:[   0]
DEBUG [2015:10:22-17:11:20:888] <00001864> PG2:gethostbyname success:211.219.96.180
DEBUG [2015:10:22-17:11:20:888] <00001864> PG2:gethostbyname 5 second less:[   0]
ERROR [2015:10:22-17:11:20:888] <00001864> CHECK FIELD FAIL (9202)
INFO  [2015:10:22-17:11:41:897] <00001864>  Send gthr.inicis.com repay [9202][재승인실패|상점ID(MID) 항목 누락] 



INFO  [2015:10:22-17:11:41:897] <00001864> END repay [9202][재승인실패|상점ID(MID) 항목 누락] 



